{
  "uid" : "53821da4cd91e84",
  "name" : "Browse acutesttraining PUBLICA‌-1 issue (should fail)",
  "historyId" : "0e50e914c2b6d29f5dd9f0359e0853ae",
  "time" : {
    "start" : 1588863865449,
    "stop" : 1588863867787,
    "duration" : 2338
  },
  "status" : "failed",
  "statusMessage" : "AssertionError: 'Sample issue 20180615T1711' != 'Sample issue XXXXXXXX'\n- Sample issue 20180615T1711\n+ Sample issue XXXXXXXX\n\n",
  "statusTrace" : "  File \"c:\\users\\testing\\appdata\\local\\programs\\python\\python37\\lib\\site-packages\\behave\\model.py\", line 1329, in run\n    match.run(runner.context)\n  File \"c:\\users\\testing\\appdata\\local\\programs\\python\\python37\\lib\\site-packages\\behave\\matchers.py\", line 98, in run\n    self.func(context, *args, **kwargs)\n  File \"features\\steps\\jira_issue_steps.py\", line 19, in step_impl\n    assert_equal (context.issue_page.get_title(), expected_text)\n  File \"c:\\users\\testing\\appdata\\local\\programs\\python\\python37\\lib\\unittest\\case.py\", line 852, in assertEqual\n    assertion_func(first, second, msg=msg)\n  File \"c:\\users\\testing\\appdata\\local\\programs\\python\\python37\\lib\\unittest\\case.py\", line 1233, in assertMultiLineEqual\n    self.fail(self._formatMessage(msg, standardMsg))\n  File \"c:\\users\\testing\\appdata\\local\\programs\\python\\python37\\lib\\unittest\\case.py\", line 693, in fail\n    raise self.failureException(msg)\n",
  "flaky" : false,
  "newFailed" : false,
  "beforeStages" : [ ],
  "testStage" : {
    "status" : "failed",
    "statusMessage" : "AssertionError: 'Sample issue 20180615T1711' != 'Sample issue XXXXXXXX'\n- Sample issue 20180615T1711\n+ Sample issue XXXXXXXX\n\n",
    "statusTrace" : "  File \"c:\\users\\testing\\appdata\\local\\programs\\python\\python37\\lib\\site-packages\\behave\\model.py\", line 1329, in run\n    match.run(runner.context)\n  File \"c:\\users\\testing\\appdata\\local\\programs\\python\\python37\\lib\\site-packages\\behave\\matchers.py\", line 98, in run\n    self.func(context, *args, **kwargs)\n  File \"features\\steps\\jira_issue_steps.py\", line 19, in step_impl\n    assert_equal (context.issue_page.get_title(), expected_text)\n  File \"c:\\users\\testing\\appdata\\local\\programs\\python\\python37\\lib\\unittest\\case.py\", line 852, in assertEqual\n    assertion_func(first, second, msg=msg)\n  File \"c:\\users\\testing\\appdata\\local\\programs\\python\\python37\\lib\\unittest\\case.py\", line 1233, in assertMultiLineEqual\n    self.fail(self._formatMessage(msg, standardMsg))\n  File \"c:\\users\\testing\\appdata\\local\\programs\\python\\python37\\lib\\unittest\\case.py\", line 693, in fail\n    raise self.failureException(msg)\n",
    "steps" : [ {
      "name" : "Given the Jira Cloud instance acutesttraining has a publicly accessible project with issuekey \"PUBLICA‌-1\"",
      "time" : {
        "start" : 1588863865452,
        "stop" : 1588863865453,
        "duration" : 1
      },
      "status" : "passed",
      "steps" : [ ],
      "attachments" : [ ],
      "parameters" : [ ],
      "hasContent" : false,
      "stepsCount" : 0,
      "attachmentsCount" : 0,
      "shouldDisplayMessage" : false
    }, {
      "name" : "When CDAF test visits the url \"https://acutesttraining.atlassian.net/browse/PUBLICA-1?oldIssueView=true\" without logging in",
      "time" : {
        "start" : 1588863865453,
        "stop" : 1588863867707,
        "duration" : 2254
      },
      "status" : "passed",
      "steps" : [ ],
      "attachments" : [ ],
      "parameters" : [ ],
      "hasContent" : false,
      "stepsCount" : 0,
      "attachmentsCount" : 0,
      "shouldDisplayMessage" : false
    }, {
      "name" : "Then the page title is \"Sample issue XXXXXXXX\"",
      "time" : {
        "start" : 1588863867707,
        "stop" : 1588863867787,
        "duration" : 80
      },
      "status" : "failed",
      "statusMessage" : "AssertionError: 'Sample issue 20180615T1711' != 'Sample issue XXXXXXXX'\n- Sample issue 20180615T1711\n+ Sample issue XXXXXXXX\n\n",
      "statusTrace" : "  File \"c:\\users\\testing\\appdata\\local\\programs\\python\\python37\\lib\\site-packages\\behave\\model.py\", line 1329, in run\n    match.run(runner.context)\n  File \"c:\\users\\testing\\appdata\\local\\programs\\python\\python37\\lib\\site-packages\\behave\\matchers.py\", line 98, in run\n    self.func(context, *args, **kwargs)\n  File \"features\\steps\\jira_issue_steps.py\", line 19, in step_impl\n    assert_equal (context.issue_page.get_title(), expected_text)\n  File \"c:\\users\\testing\\appdata\\local\\programs\\python\\python37\\lib\\unittest\\case.py\", line 852, in assertEqual\n    assertion_func(first, second, msg=msg)\n  File \"c:\\users\\testing\\appdata\\local\\programs\\python\\python37\\lib\\unittest\\case.py\", line 1233, in assertMultiLineEqual\n    self.fail(self._formatMessage(msg, standardMsg))\n  File \"c:\\users\\testing\\appdata\\local\\programs\\python\\python37\\lib\\unittest\\case.py\", line 693, in fail\n    raise self.failureException(msg)\n",
      "steps" : [ ],
      "attachments" : [ ],
      "parameters" : [ ],
      "hasContent" : true,
      "stepsCount" : 0,
      "attachmentsCount" : 0,
      "shouldDisplayMessage" : true
    } ],
    "attachments" : [ ],
    "parameters" : [ ],
    "hasContent" : true,
    "stepsCount" : 3,
    "attachmentsCount" : 0,
    "shouldDisplayMessage" : false
  },
  "afterStages" : [ ],
  "labels" : [ {
    "name" : "severity",
    "value" : "normal"
  }, {
    "name" : "tag",
    "value" : "build-test"
  }, {
    "name" : "tag",
    "value" : "should-fail"
  }, {
    "name" : "tag",
    "value" : "web"
  }, {
    "name" : "feature",
    "value" : "Webdriver PUBLICA browser tests"
  }, {
    "name" : "framework",
    "value" : "behave"
  }, {
    "name" : "language",
    "value" : "cpython3"
  }, {
    "name" : "resultFormat",
    "value" : "allure2"
  } ],
  "parameters" : [ ],
  "links" : [ ],
  "hidden" : false,
  "retry" : false,
  "extra" : {
    "severity" : "normal",
    "retries" : [ {
      "uid" : "e3d59d07df0f9882",
      "status" : "skipped",
      "time" : {
        "start" : 1588861217460,
        "stop" : 1588861217462,
        "duration" : 2
      }
    }, {
      "uid" : "3fe649a7630c1167",
      "status" : "skipped",
      "time" : {
        "start" : 1588861137683,
        "stop" : 1588861137684,
        "duration" : 1
      }
    }, {
      "uid" : "ab7bc4f4df0972d6",
      "status" : "skipped",
      "time" : {
        "start" : 1588860957861,
        "stop" : 1588860957863,
        "duration" : 2
      }
    }, {
      "uid" : "da6cfdd492369284",
      "status" : "skipped",
      "time" : {
        "start" : 1588860856999,
        "stop" : 1588860857000,
        "duration" : 1
      }
    }, {
      "uid" : "a1ae815ec4401f92",
      "status" : "skipped",
      "time" : {
        "start" : 1588860778759,
        "stop" : 1588860778759,
        "duration" : 0
      }
    }, {
      "uid" : "99f13116c4495003",
      "status" : "failed",
      "statusDetails" : "AssertionError: 'Sample issue 20180615T1711' != 'Sample issue XXXXXXXX'\n- Sample issue 20180615T1711\n+ Sample issue XXXXXXXX\n\n",
      "time" : {
        "start" : 1588766525777,
        "stop" : 1588766528456,
        "duration" : 2679
      }
    }, {
      "uid" : "d9433ac403bcba4a",
      "status" : "failed",
      "statusDetails" : "AssertionError: 'Sample issue 20180615T1711' != 'Sample issue XXXXXXXX'\n- Sample issue 20180615T1711\n+ Sample issue XXXXXXXX\n\n",
      "time" : {
        "start" : 1588764984118,
        "stop" : 1588764986896,
        "duration" : 2778
      }
    }, {
      "uid" : "1f58f565fbceec3e",
      "status" : "failed",
      "statusDetails" : "AssertionError: 'Sample issue 20180615T1711' != 'Sample issue XXXXXXXX'\n- Sample issue 20180615T1711\n+ Sample issue XXXXXXXX\n\n",
      "time" : {
        "start" : 1588764547383,
        "stop" : 1588764550432,
        "duration" : 3049
      }
    }, {
      "uid" : "cdc36ed4940fa20d",
      "status" : "failed",
      "statusDetails" : "AssertionError: 'Sample issue 20180615T1711' != 'Sample issue XXXXXXXX'\n- Sample issue 20180615T1711\n+ Sample issue XXXXXXXX\n\n",
      "time" : {
        "start" : 1588764107371,
        "stop" : 1588764109521,
        "duration" : 2150
      }
    }, {
      "uid" : "4d659a89877c487d",
      "status" : "failed",
      "statusDetails" : "AssertionError: 'Sample issue 20180615T1711' != 'Sample issue XXXXXXXX'\n- Sample issue 20180615T1711\n+ Sample issue XXXXXXXX\n\n",
      "time" : {
        "start" : 1588764065926,
        "stop" : 1588764069021,
        "duration" : 3095
      }
    }, {
      "uid" : "325a6b292ed3c5bd",
      "status" : "failed",
      "statusDetails" : "AssertionError: 'Sample issue 20180615T1711' != 'Sample issue XXXXXXXX'\n- Sample issue 20180615T1711\n+ Sample issue XXXXXXXX\n\n",
      "time" : {
        "start" : 1588763363645,
        "stop" : 1588763366728,
        "duration" : 3083
      }
    }, {
      "uid" : "d5c9e2aebe54e58d",
      "status" : "failed",
      "statusDetails" : "AssertionError: 'Sample issue 20180615T1711' != 'Sample issue XXXXXXXX'\n- Sample issue 20180615T1711\n+ Sample issue XXXXXXXX\n\n",
      "time" : {
        "start" : 1588763095835,
        "stop" : 1588763098697,
        "duration" : 2862
      }
    }, {
      "uid" : "9f8b8a00d8341960",
      "status" : "failed",
      "statusDetails" : "AssertionError: 'Sample issue 20180615T1711' != 'Sample issue XXXXXXXX'\n- Sample issue 20180615T1711\n+ Sample issue XXXXXXXX\n\n",
      "time" : {
        "start" : 1588762948855,
        "stop" : 1588762951664,
        "duration" : 2809
      }
    }, {
      "uid" : "e2bb7436dff536ab",
      "status" : "failed",
      "statusDetails" : "AssertionError: 'Sample issue 20180615T1711' != 'Sample issue XXXXXXXX'\n- Sample issue 20180615T1711\n+ Sample issue XXXXXXXX\n\n",
      "time" : {
        "start" : 1588762473322,
        "stop" : 1588762476095,
        "duration" : 2773
      }
    } ],
    "categories" : [ {
      "name" : "Product defects",
      "matchedStatuses" : [ ],
      "flaky" : false
    } ],
    "tags" : [ "build-test", "web", "should-fail" ]
  },
  "source" : "53821da4cd91e84.json",
  "parameterValues" : [ ]
}