{
  "uid" : "75037abb40ad6042",
  "name" : "Browse acutesttraining PUBLICA‌-1 issue (should fail)",
  "historyId" : "0e50e914c2b6d29f5dd9f0359e0853ae",
  "time" : {
    "start" : 1588753305080,
    "stop" : 1588753306389,
    "duration" : 1309
  },
  "status" : "failed",
  "statusMessage" : "AssertionError: 'Sample issue 20180615T1711' != 'Sample issue XXXXXXXX'\n- Sample issue 20180615T1711\n+ Sample issue XXXXXXXX\n\n",
  "statusTrace" : "  File \"c:\\users\\yasse\\appdata\\local\\programs\\python\\python37\\lib\\site-packages\\behave\\model.py\", line 1329, in run\n    match.run(runner.context)\n  File \"c:\\users\\yasse\\appdata\\local\\programs\\python\\python37\\lib\\site-packages\\behave\\matchers.py\", line 98, in run\n    self.func(context, *args, **kwargs)\n  File \"features\\steps\\jira_issue_steps.py\", line 19, in step_impl\n    assert_equal (context.issue_page.get_title(), expected_text)\n  File \"c:\\users\\yasse\\appdata\\local\\programs\\python\\python37\\lib\\unittest\\case.py\", line 852, in assertEqual\n    assertion_func(first, second, msg=msg)\n  File \"c:\\users\\yasse\\appdata\\local\\programs\\python\\python37\\lib\\unittest\\case.py\", line 1233, in assertMultiLineEqual\n    self.fail(self._formatMessage(msg, standardMsg))\n  File \"c:\\users\\yasse\\appdata\\local\\programs\\python\\python37\\lib\\unittest\\case.py\", line 693, in fail\n    raise self.failureException(msg)\n",
  "flaky" : false,
  "newFailed" : false,
  "beforeStages" : [ ],
  "testStage" : {
    "status" : "failed",
    "statusMessage" : "AssertionError: 'Sample issue 20180615T1711' != 'Sample issue XXXXXXXX'\n- Sample issue 20180615T1711\n+ Sample issue XXXXXXXX\n\n",
    "statusTrace" : "  File \"c:\\users\\yasse\\appdata\\local\\programs\\python\\python37\\lib\\site-packages\\behave\\model.py\", line 1329, in run\n    match.run(runner.context)\n  File \"c:\\users\\yasse\\appdata\\local\\programs\\python\\python37\\lib\\site-packages\\behave\\matchers.py\", line 98, in run\n    self.func(context, *args, **kwargs)\n  File \"features\\steps\\jira_issue_steps.py\", line 19, in step_impl\n    assert_equal (context.issue_page.get_title(), expected_text)\n  File \"c:\\users\\yasse\\appdata\\local\\programs\\python\\python37\\lib\\unittest\\case.py\", line 852, in assertEqual\n    assertion_func(first, second, msg=msg)\n  File \"c:\\users\\yasse\\appdata\\local\\programs\\python\\python37\\lib\\unittest\\case.py\", line 1233, in assertMultiLineEqual\n    self.fail(self._formatMessage(msg, standardMsg))\n  File \"c:\\users\\yasse\\appdata\\local\\programs\\python\\python37\\lib\\unittest\\case.py\", line 693, in fail\n    raise self.failureException(msg)\n",
    "steps" : [ {
      "name" : "Given the Jira Cloud instance acutesttraining has a publicly accessible project with issuekey \"PUBLICA‌-1\"",
      "time" : {
        "start" : 1588753305081,
        "stop" : 1588753305081,
        "duration" : 0
      },
      "status" : "passed",
      "steps" : [ ],
      "attachments" : [ ],
      "parameters" : [ ],
      "hasContent" : false,
      "stepsCount" : 0,
      "shouldDisplayMessage" : false,
      "attachmentsCount" : 0
    }, {
      "name" : "When CDAF test visits the url \"https://acutesttraining.atlassian.net/browse/PUBLICA-1?oldIssueView=true\" without logging in",
      "time" : {
        "start" : 1588753305081,
        "stop" : 1588753306356,
        "duration" : 1275
      },
      "status" : "passed",
      "steps" : [ ],
      "attachments" : [ ],
      "parameters" : [ ],
      "hasContent" : false,
      "stepsCount" : 0,
      "shouldDisplayMessage" : false,
      "attachmentsCount" : 0
    }, {
      "name" : "Then the page title is \"Sample issue XXXXXXXX\"",
      "time" : {
        "start" : 1588753306356,
        "stop" : 1588753306389,
        "duration" : 33
      },
      "status" : "failed",
      "statusMessage" : "AssertionError: 'Sample issue 20180615T1711' != 'Sample issue XXXXXXXX'\n- Sample issue 20180615T1711\n+ Sample issue XXXXXXXX\n\n",
      "statusTrace" : "  File \"c:\\users\\yasse\\appdata\\local\\programs\\python\\python37\\lib\\site-packages\\behave\\model.py\", line 1329, in run\n    match.run(runner.context)\n  File \"c:\\users\\yasse\\appdata\\local\\programs\\python\\python37\\lib\\site-packages\\behave\\matchers.py\", line 98, in run\n    self.func(context, *args, **kwargs)\n  File \"features\\steps\\jira_issue_steps.py\", line 19, in step_impl\n    assert_equal (context.issue_page.get_title(), expected_text)\n  File \"c:\\users\\yasse\\appdata\\local\\programs\\python\\python37\\lib\\unittest\\case.py\", line 852, in assertEqual\n    assertion_func(first, second, msg=msg)\n  File \"c:\\users\\yasse\\appdata\\local\\programs\\python\\python37\\lib\\unittest\\case.py\", line 1233, in assertMultiLineEqual\n    self.fail(self._formatMessage(msg, standardMsg))\n  File \"c:\\users\\yasse\\appdata\\local\\programs\\python\\python37\\lib\\unittest\\case.py\", line 693, in fail\n    raise self.failureException(msg)\n",
      "steps" : [ ],
      "attachments" : [ ],
      "parameters" : [ ],
      "hasContent" : true,
      "stepsCount" : 0,
      "shouldDisplayMessage" : true,
      "attachmentsCount" : 0
    } ],
    "attachments" : [ ],
    "parameters" : [ ],
    "hasContent" : true,
    "stepsCount" : 3,
    "shouldDisplayMessage" : false,
    "attachmentsCount" : 0
  },
  "afterStages" : [ ],
  "labels" : [ {
    "name" : "severity",
    "value" : "normal"
  }, {
    "name" : "tag",
    "value" : "build-test"
  }, {
    "name" : "tag",
    "value" : "should-fail"
  }, {
    "name" : "tag",
    "value" : "web"
  }, {
    "name" : "feature",
    "value" : "Webdriver PUBLICA browser tests"
  }, {
    "name" : "framework",
    "value" : "behave"
  }, {
    "name" : "language",
    "value" : "cpython3"
  }, {
    "name" : "resultFormat",
    "value" : "allure2"
  } ],
  "parameters" : [ ],
  "links" : [ ],
  "hidden" : false,
  "retry" : false,
  "extra" : {
    "severity" : "normal",
    "retries" : [ {
      "uid" : "d21c70764dc90861",
      "status" : "skipped",
      "time" : {
        "start" : 1588752912096,
        "stop" : 1588752912097,
        "duration" : 1
      }
    }, {
      "uid" : "ad70ad7bd59bb69f",
      "status" : "skipped",
      "time" : {
        "start" : 1588694476515,
        "stop" : 1588694476516,
        "duration" : 1
      }
    }, {
      "uid" : "c132c2ffec33c026",
      "status" : "skipped",
      "time" : {
        "start" : 1588694101446,
        "stop" : 1588694101447,
        "duration" : 1
      }
    }, {
      "uid" : "61459a819f177ee1",
      "status" : "skipped",
      "time" : {
        "start" : 1588693530378,
        "stop" : 1588693530379,
        "duration" : 1
      }
    }, {
      "uid" : "124eed74b81a1a46",
      "status" : "skipped",
      "time" : {
        "start" : 1588692982252,
        "stop" : 1588692982253,
        "duration" : 1
      }
    }, {
      "uid" : "559e6d570f62ef6e",
      "status" : "skipped",
      "time" : {
        "start" : 1588692612215,
        "stop" : 1588692612216,
        "duration" : 1
      }
    }, {
      "uid" : "6ae0bd5c59acea97",
      "status" : "skipped",
      "time" : {
        "start" : 1588691555913,
        "stop" : 1588691555914,
        "duration" : 1
      }
    }, {
      "uid" : "c450235e0a04fcac",
      "status" : "skipped",
      "time" : {
        "start" : 1588689694511,
        "stop" : 1588689694512,
        "duration" : 1
      }
    }, {
      "uid" : "6cda0e4fb28d6d13",
      "status" : "skipped",
      "time" : {
        "start" : 1588688931482,
        "stop" : 1588688931483,
        "duration" : 1
      }
    }, {
      "uid" : "611ba7d75fd4b65",
      "status" : "failed",
      "statusDetails" : "AssertionError: 'Sample issue 20180615T1711' != 'Sample issue XXXXXXXX'\n- Sample issue 20180615T1711\n+ Sample issue XXXXXXXX\n\n",
      "time" : {
        "start" : 1588687504458,
        "stop" : 1588687505839,
        "duration" : 1381
      }
    }, {
      "uid" : "7bec1c2f404e06e1",
      "status" : "failed",
      "statusDetails" : "AssertionError: 'Sample issue 20180615T1711' != 'Sample issue XXXXXXXX'\n- Sample issue 20180615T1711\n+ Sample issue XXXXXXXX\n\n",
      "time" : {
        "start" : 1588687197890,
        "stop" : 1588687199912,
        "duration" : 2022
      }
    }, {
      "uid" : "2a8da1c356ba038",
      "status" : "failed",
      "statusDetails" : "AssertionError: 'Sample issue 20180615T1711' != 'Sample issue XXXXXXXX'\n- Sample issue 20180615T1711\n+ Sample issue XXXXXXXX\n\n",
      "time" : {
        "start" : 1588687168546,
        "stop" : 1588687169960,
        "duration" : 1414
      }
    } ],
    "categories" : [ {
      "name" : "Product defects",
      "matchedStatuses" : [ ],
      "flaky" : false
    } ],
    "tags" : [ "build-test", "web", "should-fail" ]
  },
  "source" : "75037abb40ad6042.json",
  "parameterValues" : [ ]
}