{
  "uid" : "f38dda87bbec88be",
  "name" : "Browse acutesttraining PUBLICA‌-1 issue (should fail)",
  "historyId" : "0e50e914c2b6d29f5dd9f0359e0853ae",
  "time" : {
    "start" : 1588755463606,
    "stop" : 1588755465050,
    "duration" : 1444
  },
  "status" : "failed",
  "statusMessage" : "AssertionError: 'Sample issue 20180615T1711' != 'Sample issue XXXXXXXX'\n- Sample issue 20180615T1711\n+ Sample issue XXXXXXXX\n\n",
  "statusTrace" : "  File \"c:\\users\\yasse\\appdata\\local\\programs\\python\\python37\\lib\\site-packages\\behave\\model.py\", line 1329, in run\n    match.run(runner.context)\n  File \"c:\\users\\yasse\\appdata\\local\\programs\\python\\python37\\lib\\site-packages\\behave\\matchers.py\", line 98, in run\n    self.func(context, *args, **kwargs)\n  File \"features\\steps\\jira_issue_steps.py\", line 19, in step_impl\n    assert_equal (context.issue_page.get_title(), expected_text)\n  File \"c:\\users\\yasse\\appdata\\local\\programs\\python\\python37\\lib\\unittest\\case.py\", line 852, in assertEqual\n    assertion_func(first, second, msg=msg)\n  File \"c:\\users\\yasse\\appdata\\local\\programs\\python\\python37\\lib\\unittest\\case.py\", line 1233, in assertMultiLineEqual\n    self.fail(self._formatMessage(msg, standardMsg))\n  File \"c:\\users\\yasse\\appdata\\local\\programs\\python\\python37\\lib\\unittest\\case.py\", line 693, in fail\n    raise self.failureException(msg)\n",
  "flaky" : false,
  "newFailed" : false,
  "beforeStages" : [ ],
  "testStage" : {
    "status" : "failed",
    "statusMessage" : "AssertionError: 'Sample issue 20180615T1711' != 'Sample issue XXXXXXXX'\n- Sample issue 20180615T1711\n+ Sample issue XXXXXXXX\n\n",
    "statusTrace" : "  File \"c:\\users\\yasse\\appdata\\local\\programs\\python\\python37\\lib\\site-packages\\behave\\model.py\", line 1329, in run\n    match.run(runner.context)\n  File \"c:\\users\\yasse\\appdata\\local\\programs\\python\\python37\\lib\\site-packages\\behave\\matchers.py\", line 98, in run\n    self.func(context, *args, **kwargs)\n  File \"features\\steps\\jira_issue_steps.py\", line 19, in step_impl\n    assert_equal (context.issue_page.get_title(), expected_text)\n  File \"c:\\users\\yasse\\appdata\\local\\programs\\python\\python37\\lib\\unittest\\case.py\", line 852, in assertEqual\n    assertion_func(first, second, msg=msg)\n  File \"c:\\users\\yasse\\appdata\\local\\programs\\python\\python37\\lib\\unittest\\case.py\", line 1233, in assertMultiLineEqual\n    self.fail(self._formatMessage(msg, standardMsg))\n  File \"c:\\users\\yasse\\appdata\\local\\programs\\python\\python37\\lib\\unittest\\case.py\", line 693, in fail\n    raise self.failureException(msg)\n",
    "steps" : [ {
      "name" : "Given the Jira Cloud instance acutesttraining has a publicly accessible project with issuekey \"PUBLICA‌-1\"",
      "time" : {
        "start" : 1588755463606,
        "stop" : 1588755463607,
        "duration" : 1
      },
      "status" : "passed",
      "steps" : [ ],
      "attachments" : [ ],
      "parameters" : [ ],
      "stepsCount" : 0,
      "hasContent" : false,
      "shouldDisplayMessage" : false,
      "attachmentsCount" : 0
    }, {
      "name" : "When CDAF test visits the url \"https://acutesttraining.atlassian.net/browse/PUBLICA-1?oldIssueView=true\" without logging in",
      "time" : {
        "start" : 1588755463607,
        "stop" : 1588755465015,
        "duration" : 1408
      },
      "status" : "passed",
      "steps" : [ ],
      "attachments" : [ ],
      "parameters" : [ ],
      "stepsCount" : 0,
      "hasContent" : false,
      "shouldDisplayMessage" : false,
      "attachmentsCount" : 0
    }, {
      "name" : "Then the page title is \"Sample issue XXXXXXXX\"",
      "time" : {
        "start" : 1588755465015,
        "stop" : 1588755465050,
        "duration" : 35
      },
      "status" : "failed",
      "statusMessage" : "AssertionError: 'Sample issue 20180615T1711' != 'Sample issue XXXXXXXX'\n- Sample issue 20180615T1711\n+ Sample issue XXXXXXXX\n\n",
      "statusTrace" : "  File \"c:\\users\\yasse\\appdata\\local\\programs\\python\\python37\\lib\\site-packages\\behave\\model.py\", line 1329, in run\n    match.run(runner.context)\n  File \"c:\\users\\yasse\\appdata\\local\\programs\\python\\python37\\lib\\site-packages\\behave\\matchers.py\", line 98, in run\n    self.func(context, *args, **kwargs)\n  File \"features\\steps\\jira_issue_steps.py\", line 19, in step_impl\n    assert_equal (context.issue_page.get_title(), expected_text)\n  File \"c:\\users\\yasse\\appdata\\local\\programs\\python\\python37\\lib\\unittest\\case.py\", line 852, in assertEqual\n    assertion_func(first, second, msg=msg)\n  File \"c:\\users\\yasse\\appdata\\local\\programs\\python\\python37\\lib\\unittest\\case.py\", line 1233, in assertMultiLineEqual\n    self.fail(self._formatMessage(msg, standardMsg))\n  File \"c:\\users\\yasse\\appdata\\local\\programs\\python\\python37\\lib\\unittest\\case.py\", line 693, in fail\n    raise self.failureException(msg)\n",
      "steps" : [ ],
      "attachments" : [ ],
      "parameters" : [ ],
      "stepsCount" : 0,
      "hasContent" : true,
      "shouldDisplayMessage" : true,
      "attachmentsCount" : 0
    } ],
    "attachments" : [ ],
    "parameters" : [ ],
    "stepsCount" : 3,
    "hasContent" : true,
    "shouldDisplayMessage" : false,
    "attachmentsCount" : 0
  },
  "afterStages" : [ ],
  "labels" : [ {
    "name" : "severity",
    "value" : "normal"
  }, {
    "name" : "tag",
    "value" : "build-test"
  }, {
    "name" : "tag",
    "value" : "should-fail"
  }, {
    "name" : "tag",
    "value" : "web"
  }, {
    "name" : "feature",
    "value" : "Webdriver PUBLICA browser tests"
  }, {
    "name" : "framework",
    "value" : "behave"
  }, {
    "name" : "language",
    "value" : "cpython3"
  }, {
    "name" : "resultFormat",
    "value" : "allure2"
  } ],
  "parameters" : [ ],
  "links" : [ ],
  "hidden" : false,
  "retry" : false,
  "extra" : {
    "severity" : "normal",
    "retries" : [ {
      "uid" : "44bfe242a4a4e809",
      "status" : "failed",
      "statusDetails" : "AssertionError: 'Sample issue 20180615T1711' != 'Sample issue XXXXXXXX'\n- Sample issue 20180615T1711\n+ Sample issue XXXXXXXX\n\n",
      "time" : {
        "start" : 1588755085404,
        "stop" : 1588755086894,
        "duration" : 1490
      }
    }, {
      "uid" : "52d4d0ad2cf94c59",
      "status" : "failed",
      "statusDetails" : "AssertionError: 'Sample issue 20180615T1711' != 'Sample issue XXXXXXXX'\n- Sample issue 20180615T1711\n+ Sample issue XXXXXXXX\n\n",
      "time" : {
        "start" : 1588753305080,
        "stop" : 1588753306389,
        "duration" : 1309
      }
    }, {
      "uid" : "d14688b103f7649f",
      "status" : "skipped",
      "time" : {
        "start" : 1588752912096,
        "stop" : 1588752912097,
        "duration" : 1
      }
    }, {
      "uid" : "316a99a548fb4b38",
      "status" : "skipped",
      "time" : {
        "start" : 1588694476515,
        "stop" : 1588694476516,
        "duration" : 1
      }
    }, {
      "uid" : "6b8f7b357412b829",
      "status" : "skipped",
      "time" : {
        "start" : 1588694101446,
        "stop" : 1588694101447,
        "duration" : 1
      }
    }, {
      "uid" : "fff8203a2cb7fd3f",
      "status" : "skipped",
      "time" : {
        "start" : 1588693530378,
        "stop" : 1588693530379,
        "duration" : 1
      }
    }, {
      "uid" : "2ffd5fb0897931e0",
      "status" : "skipped",
      "time" : {
        "start" : 1588692982252,
        "stop" : 1588692982253,
        "duration" : 1
      }
    }, {
      "uid" : "1e203f26ced14cf7",
      "status" : "skipped",
      "time" : {
        "start" : 1588692612215,
        "stop" : 1588692612216,
        "duration" : 1
      }
    }, {
      "uid" : "96e4492f500adaac",
      "status" : "skipped",
      "time" : {
        "start" : 1588691555913,
        "stop" : 1588691555914,
        "duration" : 1
      }
    }, {
      "uid" : "657c1c36a983a9f3",
      "status" : "skipped",
      "time" : {
        "start" : 1588689694511,
        "stop" : 1588689694512,
        "duration" : 1
      }
    }, {
      "uid" : "1ffadc287b5065de",
      "status" : "skipped",
      "time" : {
        "start" : 1588688931482,
        "stop" : 1588688931483,
        "duration" : 1
      }
    }, {
      "uid" : "b58e7994c1912c5f",
      "status" : "failed",
      "statusDetails" : "AssertionError: 'Sample issue 20180615T1711' != 'Sample issue XXXXXXXX'\n- Sample issue 20180615T1711\n+ Sample issue XXXXXXXX\n\n",
      "time" : {
        "start" : 1588687504458,
        "stop" : 1588687505839,
        "duration" : 1381
      }
    }, {
      "uid" : "1708638b3772b624",
      "status" : "failed",
      "statusDetails" : "AssertionError: 'Sample issue 20180615T1711' != 'Sample issue XXXXXXXX'\n- Sample issue 20180615T1711\n+ Sample issue XXXXXXXX\n\n",
      "time" : {
        "start" : 1588687197890,
        "stop" : 1588687199912,
        "duration" : 2022
      }
    }, {
      "uid" : "72849d07407163aa",
      "status" : "failed",
      "statusDetails" : "AssertionError: 'Sample issue 20180615T1711' != 'Sample issue XXXXXXXX'\n- Sample issue 20180615T1711\n+ Sample issue XXXXXXXX\n\n",
      "time" : {
        "start" : 1588687168546,
        "stop" : 1588687169960,
        "duration" : 1414
      }
    } ],
    "categories" : [ {
      "name" : "Product defects",
      "matchedStatuses" : [ ],
      "flaky" : false
    } ],
    "tags" : [ "build-test", "web", "should-fail" ]
  },
  "source" : "f38dda87bbec88be.json",
  "parameterValues" : [ ]
}